Performing C SOURCE FILE Test CMAKE_HAVE_LIBC_PTHREAD failed with the following output:
Change Dir: /home/rick/Code/Learning/2-DIP/Learning-DIP/3-Histogram-Back-Projection/cmake-build-debug/CMakeFiles/CMakeTmp

Run Build Command(s):/usr/bin/make cmTC_513d3/fast && /usr/bin/make -f CMakeFiles/cmTC_513d3.dir/build.make CMakeFiles/cmTC_513d3.dir/build
make[1]: Entering directory '/home/rick/Code/Learning/2-DIP/Learning-DIP/3-Histogram-Back-Projection/cmake-build-debug/CMakeFiles/CMakeTmp'
Building C object CMakeFiles/cmTC_513d3.dir/src.c.o
/usr/bin/gcc   -fPIC -DCMAKE_HAVE_LIBC_PTHREAD   -o CMakeFiles/cmTC_513d3.dir/src.c.o   -c /home/rick/Code/Learning/2-DIP/Learning-DIP/3-Histogram-Back-Projection/cmake-build-debug/CMakeFiles/CMakeTmp/src.c
Linking C executable cmTC_513d3
/usr/bin/cmake -E cmake_link_script CMakeFiles/cmTC_513d3.dir/link.txt --verbose=1
/usr/bin/gcc -fPIC -DCMAKE_HAVE_LIBC_PTHREAD    CMakeFiles/cmTC_513d3.dir/src.c.o  -o cmTC_513d3 
/usr/bin/ld: CMakeFiles/cmTC_513d3.dir/src.c.o: in function `main':
src.c:(.text+0x46): undefined reference to `pthread_create'
/usr/bin/ld: src.c:(.text+0x52): undefined reference to `pthread_detach'
/usr/bin/ld: src.c:(.text+0x63): undefined reference to `pthread_join'
collect2: error: ld returned 1 exit status
make[1]: *** [CMakeFiles/cmTC_513d3.dir/build.make:87: cmTC_513d3] Error 1
make[1]: Leaving directory '/home/rick/Code/Learning/2-DIP/Learning-DIP/3-Histogram-Back-Projection/cmake-build-debug/CMakeFiles/CMakeTmp'
make: *** [Makefile:121: cmTC_513d3/fast] Error 2


Source file was:
#include <pthread.h>

void* test_func(void* data)
{
  return data;
}

int main(void)
{
  pthread_t thread;
  pthread_create(&thread, NULL, test_func, NULL);
  pthread_detach(thread);
  pthread_join(thread, NULL);
  pthread_atfork(NULL, NULL, NULL);
  pthread_exit(NULL);

  return 0;
}

Determining if the function pthread_create exists in the pthreads failed with the following output:
Change Dir: /home/rick/Code/Learning/2-DIP/Learning-DIP/3-Histogram-Back-Projection/cmake-build-debug/CMakeFiles/CMakeTmp

Run Build Command(s):/usr/bin/make cmTC_81c46/fast && /usr/bin/make -f CMakeFiles/cmTC_81c46.dir/build.make CMakeFiles/cmTC_81c46.dir/build
make[1]: Entering directory '/home/rick/Code/Learning/2-DIP/Learning-DIP/3-Histogram-Back-Projection/cmake-build-debug/CMakeFiles/CMakeTmp'
Building C object CMakeFiles/cmTC_81c46.dir/CheckFunctionExists.c.o
/usr/bin/gcc   -fPIC -DCHECK_FUNCTION_EXISTS=pthread_create   -o CMakeFiles/cmTC_81c46.dir/CheckFunctionExists.c.o   -c /usr/share/cmake-3.16/Modules/CheckFunctionExists.c
Linking C executable cmTC_81c46
/usr/bin/cmake -E cmake_link_script CMakeFiles/cmTC_81c46.dir/link.txt --verbose=1
/usr/bin/gcc -fPIC -DCHECK_FUNCTION_EXISTS=pthread_create    CMakeFiles/cmTC_81c46.dir/CheckFunctionExists.c.o  -o cmTC_81c46  -lpthreads 
/usr/bin/ld: cannot find -lpthreads
collect2: error: ld returned 1 exit status
make[1]: *** [CMakeFiles/cmTC_81c46.dir/build.make:87: cmTC_81c46] Error 1
make[1]: Leaving directory '/home/rick/Code/Learning/2-DIP/Learning-DIP/3-Histogram-Back-Projection/cmake-build-debug/CMakeFiles/CMakeTmp'
make: *** [Makefile:121: cmTC_81c46/fast] Error 2



